12/27/2022, 11:59:08 AM Device: a5fcd206-e80c-4297-a501-cd061d465121: Card 0 is trying to unlock 
12/27/2022, 11:59:08 AM Access Token 0 tried to enter 
12/27/2022, 11:59:08 AM Access denied. 
12/27/2022, 11:59:16 AM Device: a5fcd206-e80c-4297-a501-cd061d465121: Heartbeat 
12/27/2022, 11:59:41 AM Device: a5fcd206-e80c-4297-a501-cd061d465121: Heartbeat 
12/27/2022, 12:00:12 PM Device: 60a4e941-5893-423d-9287-f81936475f6b: Card 0 is trying to unlock 
12/27/2022, 12:00:12 PM Access Token 0 tried to enter 
12/27/2022, 12:00:12 PM Access denied. 
12/27/2022, 12:00:30 PM Device: 60a4e941-5893-423d-9287-f81936475f6b: Heartbeat 
12/27/2022, 12:00:55 PM Device: 60a4e941-5893-423d-9287-f81936475f6b: Heartbeat 
12/27/2022, 12:01:16 PM Device: d3c23540-9314-41c2-9845-47190de6137b: Card 0 is trying to unlock 
12/27/2022, 12:01:16 PM Access Token 0 tried to enter 
12/27/2022, 12:01:16 PM Access denied. 
12/27/2022, 12:01:31 PM Device: d3c23540-9314-41c2-9845-47190de6137b: Heartbeat 
12/27/2022, 12:01:56 PM Device: d3c23540-9314-41c2-9845-47190de6137b: Heartbeat 
12/27/2022, 12:02:05 PM Device: 55a53e53-c618-434b-a592-99afd2b2075a: Card 0 is trying to unlock 
12/27/2022, 12:02:05 PM Access Token 0 tried to enter 
12/27/2022, 12:02:05 PM Access denied. 
12/27/2022, 12:02:26 PM Device: 55a53e53-c618-434b-a592-99afd2b2075a: Heartbeat 
12/27/2022, 12:02:37 PM Device: 1b87e5db-580e-4c6a-8ff0-33e4fe456187: Card 0 is trying to unlock 
12/27/2022, 12:02:37 PM Access Token 0 tried to enter 
12/27/2022, 12:02:37 PM Access denied. 
12/27/2022, 12:02:57 PM Device: 1b87e5db-580e-4c6a-8ff0-33e4fe456187: Heartbeat 
12/27/2022, 12:03:23 PM Device: 1b87e5db-580e-4c6a-8ff0-33e4fe456187: Heartbeat 
12/27/2022, 12:03:48 PM Device: 1b87e5db-580e-4c6a-8ff0-33e4fe456187: Heartbeat 
12/27/2022, 12:04:13 PM Device: 1b87e5db-580e-4c6a-8ff0-33e4fe456187: Heartbeat 
12/27/2022, 12:04:38 PM Device: 1b87e5db-580e-4c6a-8ff0-33e4fe456187: Heartbeat 
12/27/2022, 12:04:56 PM Device: 1b87e5db-580e-4c6a-8ff0-33e4fe456187: Card 043AE612656980 is trying to unlock 
12/27/2022, 12:04:56 PM Access Token 043AE612656980 tried to enter 
12/27/2022, 12:04:56 PM Access denied. 
12/27/2022, 12:05:03 PM Device: 1b87e5db-580e-4c6a-8ff0-33e4fe456187: Heartbeat 
12/27/2022, 12:05:16 PM Device: 1b87e5db-580e-4c6a-8ff0-33e4fe456187: Card 0 is trying to unlock 
12/27/2022, 12:05:16 PM Access Token 0 tried to enter 
12/27/2022, 12:05:16 PM Access denied. 
12/27/2022, 12:05:28 PM Device: 1b87e5db-580e-4c6a-8ff0-33e4fe456187: Heartbeat 
12/27/2022, 12:05:53 PM Device: 1b87e5db-580e-4c6a-8ff0-33e4fe456187: Heartbeat 
12/27/2022, 12:06:18 PM Device: 1b87e5db-580e-4c6a-8ff0-33e4fe456187: Heartbeat 
12/27/2022, 12:06:43 PM Device: 1b87e5db-580e-4c6a-8ff0-33e4fe456187: Heartbeat 
12/27/2022, 12:07:08 PM Device: 1b87e5db-580e-4c6a-8ff0-33e4fe456187: Heartbeat 
12/27/2022, 12:07:33 PM Device: 1b87e5db-580e-4c6a-8ff0-33e4fe456187: Heartbeat 
12/27/2022, 12:07:58 PM Device: 1b87e5db-580e-4c6a-8ff0-33e4fe456187: Heartbeat 
12/27/2022, 12:08:23 PM Device: 1b87e5db-580e-4c6a-8ff0-33e4fe456187: Heartbeat 
12/27/2022, 12:08:48 PM Device: 1b87e5db-580e-4c6a-8ff0-33e4fe456187: Heartbeat 
12/27/2022, 12:09:13 PM Device: 1b87e5db-580e-4c6a-8ff0-33e4fe456187: Heartbeat 
12/27/2022, 12:09:38 PM Device: 1b87e5db-580e-4c6a-8ff0-33e4fe456187: Heartbeat 
12/27/2022, 12:10:03 PM Device: 1b87e5db-580e-4c6a-8ff0-33e4fe456187: Heartbeat 
12/27/2022, 12:10:28 PM Device: 1b87e5db-580e-4c6a-8ff0-33e4fe456187: Heartbeat 
12/27/2022, 12:10:53 PM Device: 1b87e5db-580e-4c6a-8ff0-33e4fe456187: Heartbeat 
12/27/2022, 12:11:18 PM Device: 1b87e5db-580e-4c6a-8ff0-33e4fe456187: Heartbeat 
12/27/2022, 12:11:43 PM Device: 1b87e5db-580e-4c6a-8ff0-33e4fe456187: Heartbeat 
12/27/2022, 12:12:08 PM Device: 1b87e5db-580e-4c6a-8ff0-33e4fe456187: Heartbeat 
12/27/2022, 12:12:33 PM Device: 1b87e5db-580e-4c6a-8ff0-33e4fe456187: Heartbeat 
12/27/2022, 12:12:58 PM Device: 1b87e5db-580e-4c6a-8ff0-33e4fe456187: Heartbeat 
12/27/2022, 12:32:24 PM Device: 4921702d-86af-4d2f-a56a-4c1ed1ffa862: Heartbeat 
12/27/2022, 12:40:21 PM Device: 65b70c26-4372-4c57-bd1f-10f4cbb9c8ea: Someone tried to enter the frontdoor: CardUid: 0 
12/27/2022, 12:40:21 PM Opening Door for user undefined 
12/27/2022, 12:40:38 PM Device: 65b70c26-4372-4c57-bd1f-10f4cbb9c8ea: Heartbeat 
12/27/2022, 12:40:39 PM Device: 65b70c26-4372-4c57-bd1f-10f4cbb9c8ea: Someone tried to enter the frontdoor: CardUid: 0 
12/27/2022, 12:40:39 PM Door permanently opened 
12/27/2022, 12:41:03 PM Device: 65b70c26-4372-4c57-bd1f-10f4cbb9c8ea: Heartbeat 
12/27/2022, 12:41:28 PM Device: 65b70c26-4372-4c57-bd1f-10f4cbb9c8ea: Heartbeat 
12/27/2022, 12:41:53 PM Device: 65b70c26-4372-4c57-bd1f-10f4cbb9c8ea: Heartbeat 
12/27/2022, 12:42:18 PM Device: 65b70c26-4372-4c57-bd1f-10f4cbb9c8ea: Heartbeat 
12/27/2022, 12:42:43 PM Device: 65b70c26-4372-4c57-bd1f-10f4cbb9c8ea: Heartbeat 
12/27/2022, 12:43:08 PM Device: 65b70c26-4372-4c57-bd1f-10f4cbb9c8ea: Heartbeat 
12/27/2022, 12:43:33 PM Device: 65b70c26-4372-4c57-bd1f-10f4cbb9c8ea: Heartbeat 
12/27/2022, 12:43:58 PM Device: 65b70c26-4372-4c57-bd1f-10f4cbb9c8ea: Heartbeat 
12/27/2022, 12:43:58 PM Device: 65b70c26-4372-4c57-bd1f-10f4cbb9c8ea: Someone tried to enter the frontdoor: CardUid: 0 
12/27/2022, 12:43:58 PM Door permanently opened 
12/27/2022, 12:44:23 PM Device: 65b70c26-4372-4c57-bd1f-10f4cbb9c8ea: Heartbeat 
12/27/2022, 12:44:48 PM Device: 65b70c26-4372-4c57-bd1f-10f4cbb9c8ea: Heartbeat 
12/27/2022, 12:45:13 PM Device: 65b70c26-4372-4c57-bd1f-10f4cbb9c8ea: Heartbeat 
12/27/2022, 12:45:38 PM Device: 65b70c26-4372-4c57-bd1f-10f4cbb9c8ea: Heartbeat 
12/27/2022, 12:46:03 PM Device: 65b70c26-4372-4c57-bd1f-10f4cbb9c8ea: Heartbeat 
12/27/2022, 12:46:28 PM Device: 65b70c26-4372-4c57-bd1f-10f4cbb9c8ea: Heartbeat 
12/27/2022, 12:46:53 PM Device: 65b70c26-4372-4c57-bd1f-10f4cbb9c8ea: Heartbeat 
12/27/2022, 12:47:18 PM Device: 65b70c26-4372-4c57-bd1f-10f4cbb9c8ea: Heartbeat 
12/27/2022, 12:47:43 PM Device: 65b70c26-4372-4c57-bd1f-10f4cbb9c8ea: Heartbeat 
12/27/2022, 12:48:08 PM Device: 65b70c26-4372-4c57-bd1f-10f4cbb9c8ea: Heartbeat 
12/27/2022, 12:48:33 PM Device: 65b70c26-4372-4c57-bd1f-10f4cbb9c8ea: Heartbeat 
12/27/2022, 12:48:58 PM Device: 65b70c26-4372-4c57-bd1f-10f4cbb9c8ea: Heartbeat 
12/27/2022, 12:49:23 PM Device: 65b70c26-4372-4c57-bd1f-10f4cbb9c8ea: Heartbeat 
12/27/2022, 12:49:48 PM Device: 65b70c26-4372-4c57-bd1f-10f4cbb9c8ea: Heartbeat 
12/27/2022, 12:50:13 PM Device: 65b70c26-4372-4c57-bd1f-10f4cbb9c8ea: Heartbeat 
12/27/2022, 12:50:38 PM Device: 65b70c26-4372-4c57-bd1f-10f4cbb9c8ea: Heartbeat 
12/27/2022, 12:51:03 PM Device: 65b70c26-4372-4c57-bd1f-10f4cbb9c8ea: Heartbeat 
12/27/2022, 12:51:28 PM Device: 65b70c26-4372-4c57-bd1f-10f4cbb9c8ea: Heartbeat 
12/27/2022, 12:51:53 PM Device: 65b70c26-4372-4c57-bd1f-10f4cbb9c8ea: Heartbeat 
12/27/2022, 12:52:18 PM Device: 65b70c26-4372-4c57-bd1f-10f4cbb9c8ea: Heartbeat 
12/27/2022, 12:52:43 PM Device: 65b70c26-4372-4c57-bd1f-10f4cbb9c8ea: Heartbeat 
12/27/2022, 12:53:09 PM Device: 65b70c26-4372-4c57-bd1f-10f4cbb9c8ea: Heartbeat 
12/27/2022, 12:53:34 PM Device: 65b70c26-4372-4c57-bd1f-10f4cbb9c8ea: Heartbeat 
12/27/2022, 12:53:59 PM Device: 65b70c26-4372-4c57-bd1f-10f4cbb9c8ea: Heartbeat 
12/27/2022, 12:54:24 PM Device: 65b70c26-4372-4c57-bd1f-10f4cbb9c8ea: Heartbeat 
12/27/2022, 12:54:49 PM Device: 65b70c26-4372-4c57-bd1f-10f4cbb9c8ea: Heartbeat 
12/27/2022, 12:55:14 PM Device: 65b70c26-4372-4c57-bd1f-10f4cbb9c8ea: Heartbeat 
12/27/2022, 12:55:16 PM Device: 65b70c26-4372-4c57-bd1f-10f4cbb9c8ea: Someone tried to enter the frontdoor: CardUid: 0 
12/27/2022, 12:55:39 PM Device: 65b70c26-4372-4c57-bd1f-10f4cbb9c8ea: Heartbeat 
12/27/2022, 12:56:04 PM Device: 65b70c26-4372-4c57-bd1f-10f4cbb9c8ea: Heartbeat 
12/27/2022, 12:56:29 PM Device: 65b70c26-4372-4c57-bd1f-10f4cbb9c8ea: Heartbeat 
12/27/2022, 12:56:54 PM Device: 65b70c26-4372-4c57-bd1f-10f4cbb9c8ea: Heartbeat 
12/27/2022, 12:57:19 PM Device: 65b70c26-4372-4c57-bd1f-10f4cbb9c8ea: Heartbeat 
12/27/2022, 12:57:44 PM Device: 65b70c26-4372-4c57-bd1f-10f4cbb9c8ea: Heartbeat 
12/27/2022, 12:58:09 PM Device: 65b70c26-4372-4c57-bd1f-10f4cbb9c8ea: Heartbeat 
12/27/2022, 12:58:34 PM Device: 65b70c26-4372-4c57-bd1f-10f4cbb9c8ea: Heartbeat 
12/27/2022, 12:58:59 PM Device: 65b70c26-4372-4c57-bd1f-10f4cbb9c8ea: Heartbeat 
12/27/2022, 12:59:24 PM Device: 65b70c26-4372-4c57-bd1f-10f4cbb9c8ea: Heartbeat 
12/27/2022, 12:59:49 PM Device: 65b70c26-4372-4c57-bd1f-10f4cbb9c8ea: Heartbeat 
12/27/2022, 1:00:14 PM Device: 65b70c26-4372-4c57-bd1f-10f4cbb9c8ea: Heartbeat 
12/27/2022, 1:00:39 PM Device: 65b70c26-4372-4c57-bd1f-10f4cbb9c8ea: Heartbeat 
12/27/2022, 1:01:04 PM Device: 65b70c26-4372-4c57-bd1f-10f4cbb9c8ea: Heartbeat 
12/27/2022, 1:01:29 PM Device: 65b70c26-4372-4c57-bd1f-10f4cbb9c8ea: Heartbeat 
12/27/2022, 1:01:54 PM Device: 65b70c26-4372-4c57-bd1f-10f4cbb9c8ea: Heartbeat 
12/27/2022, 1:02:08 PM Device: 65b70c26-4372-4c57-bd1f-10f4cbb9c8ea: Someone tried to enter the frontdoor: CardUid: 0 
12/27/2022, 1:02:29 PM Device: cb480d96-63a3-4258-9043-67880791c35e: Someone tried to enter the frontdoor: CardUid: 0 
12/27/2022, 1:02:29 PM Door permanently opened 
12/27/2022, 1:02:43 PM Device: cb480d96-63a3-4258-9043-67880791c35e: Heartbeat 
12/27/2022, 1:03:08 PM Device: cb480d96-63a3-4258-9043-67880791c35e: Heartbeat 
12/27/2022, 1:03:33 PM Device: cb480d96-63a3-4258-9043-67880791c35e: Heartbeat 
12/27/2022, 1:03:58 PM Device: cb480d96-63a3-4258-9043-67880791c35e: Heartbeat 
12/27/2022, 1:04:23 PM Device: cb480d96-63a3-4258-9043-67880791c35e: Heartbeat 
12/27/2022, 1:04:48 PM Device: cb480d96-63a3-4258-9043-67880791c35e: Heartbeat 
12/27/2022, 1:05:13 PM Device: cb480d96-63a3-4258-9043-67880791c35e: Heartbeat 
12/27/2022, 1:05:39 PM Device: cb480d96-63a3-4258-9043-67880791c35e: Heartbeat 
12/27/2022, 1:06:04 PM Device: cb480d96-63a3-4258-9043-67880791c35e: Heartbeat 
12/27/2022, 1:06:29 PM Device: cb480d96-63a3-4258-9043-67880791c35e: Heartbeat 
12/27/2022, 1:06:54 PM Device: cb480d96-63a3-4258-9043-67880791c35e: Heartbeat 
12/27/2022, 1:07:19 PM Device: cb480d96-63a3-4258-9043-67880791c35e: Heartbeat 
12/27/2022, 1:07:44 PM Device: cb480d96-63a3-4258-9043-67880791c35e: Heartbeat 
12/27/2022, 1:08:09 PM Device: cb480d96-63a3-4258-9043-67880791c35e: Heartbeat 
12/27/2022, 1:08:34 PM Device: cb480d96-63a3-4258-9043-67880791c35e: Heartbeat 
12/27/2022, 1:08:59 PM Device: cb480d96-63a3-4258-9043-67880791c35e: Heartbeat 
12/27/2022, 1:09:24 PM Device: cb480d96-63a3-4258-9043-67880791c35e: Heartbeat 
12/27/2022, 1:09:49 PM Device: cb480d96-63a3-4258-9043-67880791c35e: Heartbeat 
12/27/2022, 1:10:14 PM Device: cb480d96-63a3-4258-9043-67880791c35e: Heartbeat 
12/27/2022, 1:10:39 PM Device: cb480d96-63a3-4258-9043-67880791c35e: Heartbeat 
12/27/2022, 1:11:04 PM Device: cb480d96-63a3-4258-9043-67880791c35e: Heartbeat 
12/27/2022, 1:11:29 PM Device: cb480d96-63a3-4258-9043-67880791c35e: Heartbeat 
12/27/2022, 1:11:54 PM Device: cb480d96-63a3-4258-9043-67880791c35e: Heartbeat 
12/27/2022, 1:12:19 PM Device: cb480d96-63a3-4258-9043-67880791c35e: Heartbeat 
12/27/2022, 1:12:44 PM Device: cb480d96-63a3-4258-9043-67880791c35e: Heartbeat 
12/27/2022, 1:13:09 PM Device: cb480d96-63a3-4258-9043-67880791c35e: Heartbeat 
12/27/2022, 1:13:34 PM Device: cb480d96-63a3-4258-9043-67880791c35e: Heartbeat 
12/27/2022, 1:13:59 PM Device: cb480d96-63a3-4258-9043-67880791c35e: Heartbeat 
12/27/2022, 1:14:24 PM Device: cb480d96-63a3-4258-9043-67880791c35e: Heartbeat 
12/27/2022, 1:14:49 PM Device: cb480d96-63a3-4258-9043-67880791c35e: Heartbeat 
12/27/2022, 1:15:14 PM Device: cb480d96-63a3-4258-9043-67880791c35e: Heartbeat 
12/27/2022, 1:15:39 PM Device: cb480d96-63a3-4258-9043-67880791c35e: Heartbeat 
12/27/2022, 1:16:04 PM Device: cb480d96-63a3-4258-9043-67880791c35e: Heartbeat 
12/27/2022, 1:16:29 PM Device: cb480d96-63a3-4258-9043-67880791c35e: Heartbeat 
12/27/2022, 1:16:54 PM Device: cb480d96-63a3-4258-9043-67880791c35e: Heartbeat 
12/27/2022, 1:17:19 PM Device: cb480d96-63a3-4258-9043-67880791c35e: Heartbeat 
12/27/2022, 1:17:44 PM Device: cb480d96-63a3-4258-9043-67880791c35e: Heartbeat 
12/27/2022, 1:18:09 PM Device: cb480d96-63a3-4258-9043-67880791c35e: Heartbeat 
12/27/2022, 1:18:34 PM Device: cb480d96-63a3-4258-9043-67880791c35e: Heartbeat 
12/27/2022, 1:18:59 PM Device: cb480d96-63a3-4258-9043-67880791c35e: Heartbeat 
12/27/2022, 1:19:24 PM Device: cb480d96-63a3-4258-9043-67880791c35e: Heartbeat 
12/27/2022, 1:19:49 PM Device: cb480d96-63a3-4258-9043-67880791c35e: Heartbeat 
12/27/2022, 1:20:14 PM Device: cb480d96-63a3-4258-9043-67880791c35e: Heartbeat 
12/27/2022, 1:20:39 PM Device: cb480d96-63a3-4258-9043-67880791c35e: Heartbeat 
12/27/2022, 1:21:04 PM Device: cb480d96-63a3-4258-9043-67880791c35e: Heartbeat 
12/27/2022, 1:21:29 PM Device: cb480d96-63a3-4258-9043-67880791c35e: Heartbeat 
12/27/2022, 1:21:54 PM Device: cb480d96-63a3-4258-9043-67880791c35e: Heartbeat 
12/27/2022, 1:22:19 PM Device: cb480d96-63a3-4258-9043-67880791c35e: Heartbeat 
12/27/2022, 1:22:44 PM Device: cb480d96-63a3-4258-9043-67880791c35e: Heartbeat 
12/27/2022, 1:23:09 PM Device: cb480d96-63a3-4258-9043-67880791c35e: Heartbeat 
12/27/2022, 1:23:34 PM Device: cb480d96-63a3-4258-9043-67880791c35e: Heartbeat 
12/27/2022, 1:23:59 PM Device: cb480d96-63a3-4258-9043-67880791c35e: Heartbeat 
12/27/2022, 1:24:24 PM Device: cb480d96-63a3-4258-9043-67880791c35e: Heartbeat 
12/27/2022, 1:24:49 PM Device: cb480d96-63a3-4258-9043-67880791c35e: Heartbeat 
12/27/2022, 1:25:14 PM Device: cb480d96-63a3-4258-9043-67880791c35e: Heartbeat 
12/27/2022, 1:25:39 PM Device: cb480d96-63a3-4258-9043-67880791c35e: Heartbeat 
12/27/2022, 1:26:04 PM Device: cb480d96-63a3-4258-9043-67880791c35e: Heartbeat 
12/27/2022, 1:26:29 PM Device: cb480d96-63a3-4258-9043-67880791c35e: Heartbeat 
12/27/2022, 1:26:54 PM Device: cb480d96-63a3-4258-9043-67880791c35e: Heartbeat 
12/27/2022, 1:27:19 PM Device: cb480d96-63a3-4258-9043-67880791c35e: Heartbeat 
12/27/2022, 1:27:44 PM Device: cb480d96-63a3-4258-9043-67880791c35e: Heartbeat 
12/27/2022, 1:28:10 PM Device: cb480d96-63a3-4258-9043-67880791c35e: Heartbeat 
12/27/2022, 1:28:35 PM Device: cb480d96-63a3-4258-9043-67880791c35e: Heartbeat 
12/27/2022, 1:29:00 PM Device: cb480d96-63a3-4258-9043-67880791c35e: Heartbeat 
12/27/2022, 1:29:25 PM Device: cb480d96-63a3-4258-9043-67880791c35e: Heartbeat 
12/27/2022, 1:29:50 PM Device: cb480d96-63a3-4258-9043-67880791c35e: Heartbeat 
12/27/2022, 1:30:15 PM Device: cb480d96-63a3-4258-9043-67880791c35e: Heartbeat 
12/27/2022, 1:30:40 PM Device: cb480d96-63a3-4258-9043-67880791c35e: Heartbeat 
12/27/2022, 1:31:05 PM Device: cb480d96-63a3-4258-9043-67880791c35e: Heartbeat 
12/27/2022, 1:31:30 PM Device: cb480d96-63a3-4258-9043-67880791c35e: Heartbeat 
12/27/2022, 1:31:55 PM Device: cb480d96-63a3-4258-9043-67880791c35e: Heartbeat 
12/27/2022, 1:32:20 PM Device: cb480d96-63a3-4258-9043-67880791c35e: Heartbeat 
12/27/2022, 1:32:45 PM Device: cb480d96-63a3-4258-9043-67880791c35e: Heartbeat 
12/27/2022, 1:33:10 PM Device: cb480d96-63a3-4258-9043-67880791c35e: Heartbeat 
12/27/2022, 1:33:35 PM Device: cb480d96-63a3-4258-9043-67880791c35e: Heartbeat 
12/27/2022, 1:34:00 PM Device: cb480d96-63a3-4258-9043-67880791c35e: Heartbeat 
12/27/2022, 1:34:25 PM Device: cb480d96-63a3-4258-9043-67880791c35e: Heartbeat 
12/27/2022, 1:34:50 PM Device: cb480d96-63a3-4258-9043-67880791c35e: Heartbeat 
12/27/2022, 1:35:15 PM Device: cb480d96-63a3-4258-9043-67880791c35e: Heartbeat 
12/27/2022, 1:35:40 PM Device: cb480d96-63a3-4258-9043-67880791c35e: Heartbeat 
12/27/2022, 1:36:05 PM Device: cb480d96-63a3-4258-9043-67880791c35e: Heartbeat 
12/27/2022, 1:36:54 PM Device: 78a2f3c3-341f-4a48-b4b8-f5169415747c: Heartbeat 
12/27/2022, 1:36:55 PM Door permanently opened 
12/27/2022, 1:37:20 PM Device: ad3fe610-7212-4a34-9a9d-f79265e899bf: Heartbeat 
12/27/2022, 1:37:45 PM Device: ad3fe610-7212-4a34-9a9d-f79265e899bf: Heartbeat 
12/27/2022, 1:38:07 PM Device: ad3fe610-7212-4a34-9a9d-f79265e899bf: Someone tried to enter the frontdoor: CardUid: 0 
12/27/2022, 1:38:07 PM Opening Door for user undefined 
12/27/2022, 1:38:10 PM Device: ad3fe610-7212-4a34-9a9d-f79265e899bf: Heartbeat 
12/27/2022, 2:52:39 PM Device: 59f06e19-670d-4778-ab7b-ee1b7593cbcc: Someone tried to enter the frontdoor: CardUid: 043AE612656980 
12/27/2022, 2:52:39 PM Access Token 043AE612656980 tried to enter 
12/27/2022, 2:52:39 PM Access denied. 
12/27/2022, 2:52:46 PM Device: 59f06e19-670d-4778-ab7b-ee1b7593cbcc: Someone tried to enter the frontdoor: CardUid: 043AE612656980 
12/27/2022, 2:52:46 PM Access Token 043AE612656980 tried to enter 
12/27/2022, 2:52:46 PM Access denied. 
12/27/2022, 2:52:52 PM Device: 59f06e19-670d-4778-ab7b-ee1b7593cbcc: Someone tried to enter the frontdoor: CardUid: 043EAE423F3E80 
12/27/2022, 2:52:52 PM Access Token 043EAE423F3E80 tried to enter 
12/27/2022, 2:52:52 PM Access denied. 
12/27/2022, 2:53:03 PM Device: 59f06e19-670d-4778-ab7b-ee1b7593cbcc: Heartbeat 
12/27/2022, 2:53:28 PM Device: 59f06e19-670d-4778-ab7b-ee1b7593cbcc: Heartbeat 
12/27/2022, 2:53:53 PM Device: 59f06e19-670d-4778-ab7b-ee1b7593cbcc: Heartbeat 
12/27/2022, 2:54:14 PM Device: 59f06e19-670d-4778-ab7b-ee1b7593cbcc: Someone tried to enter the frontdoor: CardUid: 043EAE423F3E80 
12/27/2022, 2:54:14 PM Access Token 043EAE423F3E80 tried to enter 
12/27/2022, 2:54:14 PM Access denied. 
12/27/2022, 2:54:18 PM Device: 59f06e19-670d-4778-ab7b-ee1b7593cbcc: Heartbeat 
12/27/2022, 2:54:44 PM Device: 82c67f43-2972-4b4f-aa5b-7a4b77399253: Someone tried to enter the frontdoor: CardUid: 043EAE423F3E80 
12/27/2022, 2:54:44 PM Access Token 043EAE423F3E80 tried to enter 
12/27/2022, 2:54:44 PM Access denied. 
12/27/2022, 2:55:04 PM Device: 840e349f-1de0-462d-b6ee-e736cbea038d: Someone tried to enter the frontdoor: CardUid: 043EAE423F3E80 
12/27/2022, 2:55:04 PM Access Token 043EAE423F3E80 tried to enter 
12/27/2022, 2:55:04 PM Access denied. 
12/27/2022, 2:55:27 PM Device: 840e349f-1de0-462d-b6ee-e736cbea038d: Heartbeat 
12/27/2022, 2:55:52 PM Device: 840e349f-1de0-462d-b6ee-e736cbea038d: Heartbeat 
12/27/2022, 2:56:17 PM Device: 840e349f-1de0-462d-b6ee-e736cbea038d: Heartbeat 
12/27/2022, 2:56:43 PM Device: 840e349f-1de0-462d-b6ee-e736cbea038d: Heartbeat 
12/27/2022, 2:57:08 PM Device: 840e349f-1de0-462d-b6ee-e736cbea038d: Heartbeat 
12/27/2022, 2:57:33 PM Device: 840e349f-1de0-462d-b6ee-e736cbea038d: Heartbeat 
12/27/2022, 2:57:58 PM Device: 840e349f-1de0-462d-b6ee-e736cbea038d: Heartbeat 
12/27/2022, 2:58:23 PM Device: 840e349f-1de0-462d-b6ee-e736cbea038d: Heartbeat 
12/27/2022, 2:58:48 PM Device: 840e349f-1de0-462d-b6ee-e736cbea038d: Heartbeat 
12/27/2022, 2:59:13 PM Device: 840e349f-1de0-462d-b6ee-e736cbea038d: Heartbeat 
12/27/2022, 2:59:38 PM Device: 840e349f-1de0-462d-b6ee-e736cbea038d: Heartbeat 
12/27/2022, 3:00:03 PM Device: 840e349f-1de0-462d-b6ee-e736cbea038d: Heartbeat 
12/27/2022, 3:00:28 PM Device: 840e349f-1de0-462d-b6ee-e736cbea038d: Heartbeat 
12/27/2022, 3:00:53 PM Device: 840e349f-1de0-462d-b6ee-e736cbea038d: Heartbeat 
12/27/2022, 3:01:18 PM Device: 840e349f-1de0-462d-b6ee-e736cbea038d: Heartbeat 
12/27/2022, 3:01:43 PM Device: 840e349f-1de0-462d-b6ee-e736cbea038d: Heartbeat 
12/27/2022, 3:02:08 PM Device: 840e349f-1de0-462d-b6ee-e736cbea038d: Heartbeat 
12/27/2022, 3:02:33 PM Device: 840e349f-1de0-462d-b6ee-e736cbea038d: Heartbeat 
12/27/2022, 3:02:58 PM Device: 840e349f-1de0-462d-b6ee-e736cbea038d: Heartbeat 
12/27/2022, 3:03:23 PM Device: 840e349f-1de0-462d-b6ee-e736cbea038d: Heartbeat 
12/27/2022, 3:03:48 PM Device: 840e349f-1de0-462d-b6ee-e736cbea038d: Heartbeat 
12/27/2022, 3:04:14 PM Device: 840e349f-1de0-462d-b6ee-e736cbea038d: Heartbeat 
12/27/2022, 3:04:39 PM Device: 840e349f-1de0-462d-b6ee-e736cbea038d: Heartbeat 
12/27/2022, 3:05:04 PM Device: 840e349f-1de0-462d-b6ee-e736cbea038d: Heartbeat 
12/27/2022, 3:05:29 PM Device: 840e349f-1de0-462d-b6ee-e736cbea038d: Heartbeat 
12/27/2022, 3:05:54 PM Device: 840e349f-1de0-462d-b6ee-e736cbea038d: Heartbeat 
12/27/2022, 3:06:19 PM Device: 840e349f-1de0-462d-b6ee-e736cbea038d: Heartbeat 
12/27/2022, 3:06:44 PM Device: 840e349f-1de0-462d-b6ee-e736cbea038d: Heartbeat 
12/27/2022, 3:07:09 PM Device: 840e349f-1de0-462d-b6ee-e736cbea038d: Heartbeat 
12/27/2022, 3:07:34 PM Device: 840e349f-1de0-462d-b6ee-e736cbea038d: Heartbeat 
12/27/2022, 3:07:59 PM Device: 840e349f-1de0-462d-b6ee-e736cbea038d: Heartbeat 
12/27/2022, 3:08:24 PM Device: 840e349f-1de0-462d-b6ee-e736cbea038d: Heartbeat 
12/27/2022, 3:08:49 PM Device: 840e349f-1de0-462d-b6ee-e736cbea038d: Heartbeat 
12/27/2022, 3:09:14 PM Device: 840e349f-1de0-462d-b6ee-e736cbea038d: Heartbeat 
12/27/2022, 3:09:39 PM Device: 840e349f-1de0-462d-b6ee-e736cbea038d: Heartbeat 
12/27/2022, 3:10:04 PM Device: 840e349f-1de0-462d-b6ee-e736cbea038d: Heartbeat 
12/27/2022, 3:10:29 PM Device: 840e349f-1de0-462d-b6ee-e736cbea038d: Heartbeat 
12/27/2022, 3:10:54 PM Device: 840e349f-1de0-462d-b6ee-e736cbea038d: Heartbeat 
12/27/2022, 3:11:19 PM Device: 840e349f-1de0-462d-b6ee-e736cbea038d: Heartbeat 
12/27/2022, 3:11:44 PM Device: 840e349f-1de0-462d-b6ee-e736cbea038d: Heartbeat 
12/27/2022, 3:12:09 PM Device: 840e349f-1de0-462d-b6ee-e736cbea038d: Heartbeat 
12/27/2022, 3:12:34 PM Device: 840e349f-1de0-462d-b6ee-e736cbea038d: Heartbeat 
12/27/2022, 3:12:59 PM Device: 840e349f-1de0-462d-b6ee-e736cbea038d: Heartbeat 
12/27/2022, 3:13:24 PM Device: 840e349f-1de0-462d-b6ee-e736cbea038d: Heartbeat 
12/27/2022, 3:13:49 PM Device: 840e349f-1de0-462d-b6ee-e736cbea038d: Heartbeat 
12/27/2022, 3:14:14 PM Device: 840e349f-1de0-462d-b6ee-e736cbea038d: Heartbeat 
12/27/2022, 3:14:39 PM Device: 840e349f-1de0-462d-b6ee-e736cbea038d: Heartbeat 
12/27/2022, 3:15:04 PM Device: 840e349f-1de0-462d-b6ee-e736cbea038d: Heartbeat 
12/27/2022, 3:15:29 PM Device: 840e349f-1de0-462d-b6ee-e736cbea038d: Heartbeat 
12/27/2022, 3:15:54 PM Device: 840e349f-1de0-462d-b6ee-e736cbea038d: Heartbeat 
12/27/2022, 3:15:55 PM Device: 840e349f-1de0-462d-b6ee-e736cbea038d: Someone tried to enter the frontdoor: CardUid: 043AE612656980 
12/27/2022, 3:15:55 PM Access Token 043AE612656980 tried to enter 
12/27/2022, 3:16:19 PM Device: 840e349f-1de0-462d-b6ee-e736cbea038d: Heartbeat 
12/27/2022, 3:16:29 PM Device: 840e349f-1de0-462d-b6ee-e736cbea038d: Someone tried to enter the frontdoor: CardUid: 043AE612656980 
12/27/2022, 3:16:29 PM Access Token 043AE612656980 tried to enter 
12/27/2022, 3:16:46 PM Device: 1dadccfa-1f63-4fa5-9b5c-2460f00d24bd: Someone tried to enter the frontdoor: CardUid: 043AE612656980 
12/27/2022, 3:16:46 PM Access Token 043AE612656980 tried to enter 
12/27/2022, 3:17:10 PM Device: 531d9f2b-cce3-41c3-8d2c-8669e267e358: Someone tried to enter the frontdoor: CardUid: 043AE612656980 
12/27/2022, 3:17:10 PM Access Token 043AE612656980 tried to enter 
12/27/2022, 3:17:32 PM Device: 531d9f2b-cce3-41c3-8d2c-8669e267e358: Heartbeat 
12/27/2022, 3:17:57 PM Device: 531d9f2b-cce3-41c3-8d2c-8669e267e358: Heartbeat 
12/27/2022, 3:18:11 PM Device: 59821fd9-4945-481d-9c83-cbae5efd1836: Someone tried to enter the frontdoor: CardUid: 043AE612656980 
12/27/2022, 3:18:11 PM Access Token 043AE612656980 tried to enter 
12/27/2022, 3:19:20 PM Device: 3a97f011-a9d0-4ffb-976f-29c0d5ea8183: Someone tried to enter the frontdoor: CardUid: 043AE612656980 
12/27/2022, 3:19:20 PM Access Token 043AE612656980 tried to enter 
12/27/2022, 3:19:43 PM Device: 3a97f011-a9d0-4ffb-976f-29c0d5ea8183: Heartbeat 
12/27/2022, 3:20:08 PM Device: 3a97f011-a9d0-4ffb-976f-29c0d5ea8183: Heartbeat 
12/27/2022, 3:20:33 PM Device: 3a97f011-a9d0-4ffb-976f-29c0d5ea8183: Heartbeat 
12/27/2022, 3:20:58 PM Device: 3a97f011-a9d0-4ffb-976f-29c0d5ea8183: Heartbeat 
12/27/2022, 3:21:23 PM Device: 3a97f011-a9d0-4ffb-976f-29c0d5ea8183: Heartbeat 
12/27/2022, 3:21:48 PM Device: 3a97f011-a9d0-4ffb-976f-29c0d5ea8183: Heartbeat 
12/27/2022, 3:22:13 PM Device: 3a97f011-a9d0-4ffb-976f-29c0d5ea8183: Heartbeat 
12/27/2022, 3:22:38 PM Device: 3a97f011-a9d0-4ffb-976f-29c0d5ea8183: Heartbeat 
12/27/2022, 3:23:03 PM Device: 3a97f011-a9d0-4ffb-976f-29c0d5ea8183: Heartbeat 
12/27/2022, 3:23:28 PM Device: 3a97f011-a9d0-4ffb-976f-29c0d5ea8183: Heartbeat 
12/27/2022, 3:23:47 PM Device: 70784c4e-9d51-4a95-9c13-b3ac46617242: Someone tried to enter the frontdoor: CardUid: 043AE612656980 
12/27/2022, 3:23:47 PM Access Token 043AE612656980 tried to enter 
12/27/2022, 3:24:07 PM Device: 75911768-2cc9-408f-8acb-ed633839450d: Someone tried to enter the frontdoor: CardUid: 043AE612656980 
12/27/2022, 3:24:07 PM Access Token 043AE612656980 tried to enter 
12/27/2022, 3:24:07 PM Access denied. 
12/27/2022, 3:24:22 PM Device: e6cb6d40-70ba-42c9-bf44-089be3f871bc: Someone tried to enter the frontdoor: CardUid: 043AE612656980 
12/27/2022, 3:24:22 PM Access Token 043AE612656980 tried to enter 
12/27/2022, 3:24:23 PM Access denied. 
12/27/2022, 3:24:30 PM Device: e6cb6d40-70ba-42c9-bf44-089be3f871bc: Someone tried to enter the frontdoor: CardUid: 043EAE423F3E80 
12/27/2022, 3:24:30 PM Access Token 043EAE423F3E80 tried to enter 
12/27/2022, 3:24:46 PM Device: e6cb6d40-70ba-42c9-bf44-089be3f871bc: Heartbeat 
12/27/2022, 3:25:11 PM Device: e6cb6d40-70ba-42c9-bf44-089be3f871bc: Heartbeat 
12/27/2022, 3:25:36 PM Device: e6cb6d40-70ba-42c9-bf44-089be3f871bc: Heartbeat 
12/27/2022, 3:25:52 PM Device: e6cb6d40-70ba-42c9-bf44-089be3f871bc: Someone tried to enter the frontdoor: CardUid: 043EAE423F3E80 
12/27/2022, 3:25:52 PM Access Token 043EAE423F3E80 tried to enter 
12/27/2022, 3:25:52 PM Access denied. 
12/27/2022, 3:26:01 PM Device: e6cb6d40-70ba-42c9-bf44-089be3f871bc: Heartbeat 
12/27/2022, 3:26:26 PM Device: e6cb6d40-70ba-42c9-bf44-089be3f871bc: Heartbeat 
12/27/2022, 3:26:34 PM Device: e6cb6d40-70ba-42c9-bf44-089be3f871bc: Someone tried to enter the frontdoor: CardUid: 043EAE423F3E80 
12/27/2022, 3:26:34 PM Access Token 043EAE423F3E80 tried to enter 
12/27/2022, 3:26:35 PM Access denied. 
12/27/2022, 3:26:47 PM Device: e6cb6d40-70ba-42c9-bf44-089be3f871bc: Someone tried to enter the frontdoor: CardUid: 043AE612656980 
12/27/2022, 3:26:47 PM Access Token 043AE612656980 tried to enter 
12/27/2022, 3:26:47 PM Access denied. 
12/27/2022, 3:26:51 PM Device: e6cb6d40-70ba-42c9-bf44-089be3f871bc: Heartbeat 
12/27/2022, 3:27:03 PM Device: e6cb6d40-70ba-42c9-bf44-089be3f871bc: Someone tried to enter the frontdoor: CardUid: 043EAE423F3E80 
12/27/2022, 3:27:03 PM Access Token 043EAE423F3E80 tried to enter 
12/27/2022, 3:27:03 PM Access denied. 
12/27/2022, 3:27:16 PM Device: e6cb6d40-70ba-42c9-bf44-089be3f871bc: Heartbeat 
12/27/2022, 3:27:21 PM Device: e6cb6d40-70ba-42c9-bf44-089be3f871bc: Someone tried to enter the frontdoor: CardUid: 043EAE423F3E80 
12/27/2022, 3:27:21 PM Access Token 043EAE423F3E80 tried to enter 
12/27/2022, 3:27:21 PM Access denied. 
12/27/2022, 3:27:37 PM Device: e6cb6d40-70ba-42c9-bf44-089be3f871bc: Someone tried to enter the frontdoor: CardUid: 043AE612656980 
12/27/2022, 3:27:37 PM Access Token 043AE612656980 tried to enter 
12/27/2022, 3:27:37 PM Access denied. 
12/27/2022, 3:27:41 PM Device: e6cb6d40-70ba-42c9-bf44-089be3f871bc: Heartbeat 
12/27/2022, 3:28:06 PM Device: e6cb6d40-70ba-42c9-bf44-089be3f871bc: Heartbeat 
12/27/2022, 3:28:31 PM Device: e6cb6d40-70ba-42c9-bf44-089be3f871bc: Heartbeat 
12/27/2022, 3:28:41 PM Device: 37f4c6b5-e309-4dc8-9e8f-3e8e3e9836a1: Someone tried to enter the frontdoor: CardUid: 043AE612656980 
12/27/2022, 3:28:41 PM Access Token 043AE612656980 tried to enter 
12/27/2022, 3:28:59 PM Device: 5b282fb7-0b76-4f89-88c6-db05863376be: Someone tried to enter the frontdoor: CardUid: 043AE612656980 
12/27/2022, 3:28:59 PM Access Token 043AE612656980 tried to enter 
12/27/2022, 3:28:59 PM Access denied. 
12/27/2022, 3:29:07 PM Device: 5b282fb7-0b76-4f89-88c6-db05863376be: Someone tried to enter the frontdoor: CardUid: 043EAE423F3E80 
12/27/2022, 3:29:07 PM Access Token 043EAE423F3E80 tried to enter 
12/27/2022, 3:29:07 PM Opening Door for user Johannes 
12/27/2022, 3:29:16 PM Device: 5b282fb7-0b76-4f89-88c6-db05863376be: Heartbeat 
12/27/2022, 3:29:24 PM Device: 0b1a1c8c-5537-4fb8-8404-6cb4e81f36e3: Someone tried to enter the frontdoor: CardUid: 043AE612656980 
12/27/2022, 3:29:24 PM Access Token 043AE612656980 tried to enter 
12/27/2022, 3:29:24 PM Access denied. 
12/27/2022, 3:29:31 PM Device: 0b1a1c8c-5537-4fb8-8404-6cb4e81f36e3: Someone tried to enter the frontdoor: CardUid: 043EAE423F3E80 
12/27/2022, 3:29:31 PM Access Token 043EAE423F3E80 tried to enter 
12/27/2022, 3:29:31 PM Opening Door for user Johannes 
12/27/2022, 3:29:47 PM Device: 0b1a1c8c-5537-4fb8-8404-6cb4e81f36e3: Heartbeat 
12/27/2022, 3:30:13 PM Device: 0b1a1c8c-5537-4fb8-8404-6cb4e81f36e3: Heartbeat 
12/27/2022, 3:30:38 PM Device: 0b1a1c8c-5537-4fb8-8404-6cb4e81f36e3: Heartbeat 
12/27/2022, 3:30:41 PM Device: 0b1a1c8c-5537-4fb8-8404-6cb4e81f36e3: Someone tried to enter the frontdoor: CardUid: 043AE612656980 
12/27/2022, 3:30:41 PM Access Token 043AE612656980 tried to enter 
12/27/2022, 3:30:41 PM Opening Door for user Katharina 
1/3/2023, 1:51:00 PM Device: 9296acba-f04f-4667-a927-2694f71b2b21: Heartbeat 
1/3/2023, 1:51:14 PM Device: 9296acba-f04f-4667-a927-2694f71b2b21: Someone tried to enter the frontdoor: CardUid: 043EAE423F3E80 
1/3/2023, 1:51:14 PM Access Token 043EAE423F3E80 tried to enter 
1/3/2023, 1:51:15 PM Opening Door for user Johannes 
1/3/2023, 1:51:25 PM Device: 9296acba-f04f-4667-a927-2694f71b2b21: Heartbeat 
1/3/2023, 1:51:28 PM Device: 9296acba-f04f-4667-a927-2694f71b2b21: Someone tried to enter the frontdoor: CardUid: 043AE612656980 
1/3/2023, 1:51:28 PM Access Token 043AE612656980 tried to enter 
1/3/2023, 1:51:28 PM Opening Door for user Katharina 
1/3/2023, 1:51:50 PM Device: 9296acba-f04f-4667-a927-2694f71b2b21: Heartbeat 
1/3/2023, 1:52:15 PM Device: 9296acba-f04f-4667-a927-2694f71b2b21: Heartbeat 
1/3/2023, 1:52:40 PM Device: 9296acba-f04f-4667-a927-2694f71b2b21: Heartbeat 
1/3/2023, 1:53:05 PM Device: 9296acba-f04f-4667-a927-2694f71b2b21: Heartbeat 
1/3/2023, 1:53:21 PM Device: 9296acba-f04f-4667-a927-2694f71b2b21: Someone tried to enter the frontdoor: CardUid: 043EAE423F3E80 
1/3/2023, 1:53:21 PM Access Token 043EAE423F3E80 tried to enter 
1/3/2023, 1:53:21 PM Opening Door for user Johannes 
1/3/2023, 1:53:30 PM Device: 9296acba-f04f-4667-a927-2694f71b2b21: Heartbeat 
1/3/2023, 1:53:55 PM Device: 9296acba-f04f-4667-a927-2694f71b2b21: Heartbeat 
1/3/2023, 1:54:20 PM Device: 9296acba-f04f-4667-a927-2694f71b2b21: Heartbeat 
1/3/2023, 1:54:45 PM Device: 9296acba-f04f-4667-a927-2694f71b2b21: Heartbeat 
1/3/2023, 1:55:10 PM Device: 9296acba-f04f-4667-a927-2694f71b2b21: Heartbeat 
1/3/2023, 1:55:35 PM Device: 9296acba-f04f-4667-a927-2694f71b2b21: Heartbeat 
1/3/2023, 1:56:00 PM Device: 9296acba-f04f-4667-a927-2694f71b2b21: Heartbeat 
1/3/2023, 1:56:25 PM Device: 9296acba-f04f-4667-a927-2694f71b2b21: Heartbeat 
1/3/2023, 1:56:50 PM Device: 9296acba-f04f-4667-a927-2694f71b2b21: Heartbeat 
1/3/2023, 1:57:15 PM Device: 9296acba-f04f-4667-a927-2694f71b2b21: Heartbeat 
1/3/2023, 1:57:40 PM Device: 9296acba-f04f-4667-a927-2694f71b2b21: Heartbeat 
1/3/2023, 1:58:05 PM Device: 9296acba-f04f-4667-a927-2694f71b2b21: Heartbeat 
1/3/2023, 1:58:30 PM Device: 9296acba-f04f-4667-a927-2694f71b2b21: Heartbeat 
1/3/2023, 1:58:55 PM Device: 9296acba-f04f-4667-a927-2694f71b2b21: Heartbeat 
1/3/2023, 1:59:21 PM Device: 9296acba-f04f-4667-a927-2694f71b2b21: Heartbeat 
1/3/2023, 1:59:46 PM Device: 9296acba-f04f-4667-a927-2694f71b2b21: Heartbeat 
1/3/2023, 2:00:11 PM Device: 9296acba-f04f-4667-a927-2694f71b2b21: Heartbeat 
1/3/2023, 2:00:36 PM Device: 9296acba-f04f-4667-a927-2694f71b2b21: Heartbeat 
1/3/2023, 2:01:01 PM Device: 9296acba-f04f-4667-a927-2694f71b2b21: Heartbeat 
1/3/2023, 2:01:26 PM Device: 9296acba-f04f-4667-a927-2694f71b2b21: Heartbeat 
1/3/2023, 2:01:51 PM Device: 9296acba-f04f-4667-a927-2694f71b2b21: Heartbeat 
1/3/2023, 2:02:16 PM Device: 9296acba-f04f-4667-a927-2694f71b2b21: Heartbeat 
1/3/2023, 2:02:41 PM Device: 9296acba-f04f-4667-a927-2694f71b2b21: Heartbeat 
1/3/2023, 2:03:06 PM Device: 9296acba-f04f-4667-a927-2694f71b2b21: Heartbeat 
1/3/2023, 2:03:31 PM Device: 9296acba-f04f-4667-a927-2694f71b2b21: Heartbeat 
1/3/2023, 2:03:56 PM Device: 9296acba-f04f-4667-a927-2694f71b2b21: Heartbeat 
1/3/2023, 2:04:21 PM Device: 9296acba-f04f-4667-a927-2694f71b2b21: Heartbeat 
1/3/2023, 2:04:46 PM Device: 9296acba-f04f-4667-a927-2694f71b2b21: Heartbeat 
1/3/2023, 2:05:11 PM Device: 9296acba-f04f-4667-a927-2694f71b2b21: Heartbeat 
1/3/2023, 2:05:36 PM Device: 9296acba-f04f-4667-a927-2694f71b2b21: Heartbeat 
1/3/2023, 2:06:01 PM Device: 9296acba-f04f-4667-a927-2694f71b2b21: Heartbeat 
1/3/2023, 2:06:26 PM Device: 9296acba-f04f-4667-a927-2694f71b2b21: Heartbeat 
1/3/2023, 2:06:51 PM Device: 9296acba-f04f-4667-a927-2694f71b2b21: Heartbeat 
1/3/2023, 2:07:16 PM Device: 9296acba-f04f-4667-a927-2694f71b2b21: Heartbeat 
1/3/2023, 2:07:41 PM Device: 9296acba-f04f-4667-a927-2694f71b2b21: Heartbeat 
1/3/2023, 2:08:06 PM Device: 9296acba-f04f-4667-a927-2694f71b2b21: Heartbeat 
1/3/2023, 2:08:31 PM Device: 9296acba-f04f-4667-a927-2694f71b2b21: Heartbeat 
1/3/2023, 2:08:56 PM Device: 9296acba-f04f-4667-a927-2694f71b2b21: Heartbeat 
1/3/2023, 2:09:21 PM Device: 9296acba-f04f-4667-a927-2694f71b2b21: Heartbeat 
1/3/2023, 2:09:46 PM Device: 9296acba-f04f-4667-a927-2694f71b2b21: Heartbeat 
1/3/2023, 2:10:11 PM Device: 9296acba-f04f-4667-a927-2694f71b2b21: Heartbeat 
1/3/2023, 2:10:36 PM Device: 9296acba-f04f-4667-a927-2694f71b2b21: Heartbeat 
1/3/2023, 2:11:01 PM Device: 9296acba-f04f-4667-a927-2694f71b2b21: Heartbeat 
1/3/2023, 2:11:26 PM Device: 9296acba-f04f-4667-a927-2694f71b2b21: Heartbeat 
1/6/2023, 10:04:01 PM Device: af3f5c23-0d2f-4fd3-a38f-f97caa621efd: Heartbeat 
1/6/2023, 10:04:26 PM Device: af3f5c23-0d2f-4fd3-a38f-f97caa621efd: Heartbeat 
1/6/2023, 10:04:51 PM Device: af3f5c23-0d2f-4fd3-a38f-f97caa621efd: Heartbeat 
1/6/2023, 10:05:16 PM Device: af3f5c23-0d2f-4fd3-a38f-f97caa621efd: Heartbeat 
1/6/2023, 10:05:41 PM Device: af3f5c23-0d2f-4fd3-a38f-f97caa621efd: Heartbeat 
1/6/2023, 10:06:06 PM Device: af3f5c23-0d2f-4fd3-a38f-f97caa621efd: Heartbeat 
1/6/2023, 10:06:31 PM Device: af3f5c23-0d2f-4fd3-a38f-f97caa621efd: Heartbeat 
1/6/2023, 10:06:56 PM Device: af3f5c23-0d2f-4fd3-a38f-f97caa621efd: Heartbeat 
1/6/2023, 10:07:21 PM Device: af3f5c23-0d2f-4fd3-a38f-f97caa621efd: Heartbeat 
1/6/2023, 10:07:46 PM Device: af3f5c23-0d2f-4fd3-a38f-f97caa621efd: Heartbeat 
1/6/2023, 10:08:11 PM Device: af3f5c23-0d2f-4fd3-a38f-f97caa621efd: Heartbeat 
1/6/2023, 10:08:36 PM Device: af3f5c23-0d2f-4fd3-a38f-f97caa621efd: Heartbeat 
1/6/2023, 10:09:01 PM Device: af3f5c23-0d2f-4fd3-a38f-f97caa621efd: Heartbeat 
1/6/2023, 10:09:26 PM Device: af3f5c23-0d2f-4fd3-a38f-f97caa621efd: Heartbeat 
1/6/2023, 10:09:51 PM Device: af3f5c23-0d2f-4fd3-a38f-f97caa621efd: Heartbeat 
1/6/2023, 10:10:16 PM Device: af3f5c23-0d2f-4fd3-a38f-f97caa621efd: Heartbeat 
1/6/2023, 10:10:41 PM Device: af3f5c23-0d2f-4fd3-a38f-f97caa621efd: Heartbeat 
1/6/2023, 10:11:06 PM Device: af3f5c23-0d2f-4fd3-a38f-f97caa621efd: Heartbeat 
1/6/2023, 10:11:31 PM Device: af3f5c23-0d2f-4fd3-a38f-f97caa621efd: Heartbeat 
1/6/2023, 10:11:56 PM Device: af3f5c23-0d2f-4fd3-a38f-f97caa621efd: Heartbeat 
1/6/2023, 10:12:21 PM Device: af3f5c23-0d2f-4fd3-a38f-f97caa621efd: Heartbeat 
1/6/2023, 10:12:46 PM Device: af3f5c23-0d2f-4fd3-a38f-f97caa621efd: Heartbeat 
1/6/2023, 10:13:11 PM Device: af3f5c23-0d2f-4fd3-a38f-f97caa621efd: Heartbeat 
1/6/2023, 10:13:36 PM Device: af3f5c23-0d2f-4fd3-a38f-f97caa621efd: Heartbeat 
1/6/2023, 10:14:01 PM Device: af3f5c23-0d2f-4fd3-a38f-f97caa621efd: Heartbeat 
1/9/2023, 12:39:25 PM Device: 114826a7-38fc-4c0d-b8c9-121b5013b826: Someone tried to enter the frontdoor: CardUid: 043EAE423F3E80 
1/9/2023, 12:39:25 PM Access Token 043EAE423F3E80 tried to enter 
1/9/2023, 12:39:25 PM Opening Door for user Johannes 
1/9/2023, 12:39:28 PM Device: 114826a7-38fc-4c0d-b8c9-121b5013b826: Heartbeat 
1/9/2023, 12:39:40 PM Device: 114826a7-38fc-4c0d-b8c9-121b5013b826: Someone tried to enter the frontdoor: CardUid: 043EAE423F3E80 
1/9/2023, 12:39:40 PM Access Token 043EAE423F3E80 tried to enter 
1/9/2023, 12:39:41 PM Opening Door for user Johannes 
1/9/2023, 12:39:53 PM Device: 114826a7-38fc-4c0d-b8c9-121b5013b826: Heartbeat 
1/9/2023, 12:40:18 PM Device: 114826a7-38fc-4c0d-b8c9-121b5013b826: Heartbeat 
1/9/2023, 12:40:43 PM Device: 114826a7-38fc-4c0d-b8c9-121b5013b826: Heartbeat 
1/9/2023, 12:41:08 PM Device: 114826a7-38fc-4c0d-b8c9-121b5013b826: Heartbeat 
1/9/2023, 12:41:33 PM Device: 114826a7-38fc-4c0d-b8c9-121b5013b826: Heartbeat 
1/9/2023, 12:41:47 PM Device: 114826a7-38fc-4c0d-b8c9-121b5013b826: Someone tried to enter the frontdoor: CardUid: 043EAE423F3E80 
1/9/2023, 12:41:47 PM Access Token 043EAE423F3E80 tried to enter 
1/9/2023, 12:41:47 PM Opening Door for user Johannes 
1/9/2023, 12:41:58 PM Device: 114826a7-38fc-4c0d-b8c9-121b5013b826: Heartbeat 
1/9/2023, 12:42:23 PM Device: 114826a7-38fc-4c0d-b8c9-121b5013b826: Heartbeat 
1/9/2023, 12:42:48 PM Device: 114826a7-38fc-4c0d-b8c9-121b5013b826: Heartbeat 
1/9/2023, 12:43:13 PM Device: 114826a7-38fc-4c0d-b8c9-121b5013b826: Heartbeat 
1/9/2023, 12:43:38 PM Device: 114826a7-38fc-4c0d-b8c9-121b5013b826: Heartbeat 
1/9/2023, 12:44:03 PM Device: 114826a7-38fc-4c0d-b8c9-121b5013b826: Heartbeat 
1/9/2023, 12:44:28 PM Device: 114826a7-38fc-4c0d-b8c9-121b5013b826: Heartbeat 
1/9/2023, 12:44:53 PM Device: 114826a7-38fc-4c0d-b8c9-121b5013b826: Heartbeat 
1/9/2023, 12:45:18 PM Device: 114826a7-38fc-4c0d-b8c9-121b5013b826: Heartbeat 
1/9/2023, 12:45:43 PM Device: 114826a7-38fc-4c0d-b8c9-121b5013b826: Heartbeat 
1/9/2023, 12:46:08 PM Device: 114826a7-38fc-4c0d-b8c9-121b5013b826: Heartbeat 
1/9/2023, 12:46:33 PM Device: 114826a7-38fc-4c0d-b8c9-121b5013b826: Heartbeat 
1/9/2023, 12:46:58 PM Device: 114826a7-38fc-4c0d-b8c9-121b5013b826: Heartbeat 
1/9/2023, 12:47:23 PM Device: 114826a7-38fc-4c0d-b8c9-121b5013b826: Heartbeat 
1/9/2023, 12:47:48 PM Device: 114826a7-38fc-4c0d-b8c9-121b5013b826: Heartbeat 
1/9/2023, 12:48:13 PM Device: 114826a7-38fc-4c0d-b8c9-121b5013b826: Heartbeat 
1/9/2023, 12:48:38 PM Device: 114826a7-38fc-4c0d-b8c9-121b5013b826: Heartbeat 
1/9/2023, 12:49:03 PM Device: 114826a7-38fc-4c0d-b8c9-121b5013b826: Heartbeat 
1/9/2023, 12:49:28 PM Device: 114826a7-38fc-4c0d-b8c9-121b5013b826: Heartbeat 
1/9/2023, 12:49:53 PM Device: 114826a7-38fc-4c0d-b8c9-121b5013b826: Heartbeat 
1/9/2023, 12:50:18 PM Device: 114826a7-38fc-4c0d-b8c9-121b5013b826: Heartbeat 
1/9/2023, 12:50:43 PM Device: 114826a7-38fc-4c0d-b8c9-121b5013b826: Heartbeat 
1/9/2023, 12:51:06 PM [object Object] 
1/9/2023, 12:51:06 PM Device: 1865145e-c36f-43f8-bf4c-fc2babc52d5a: Someone tried to enter the frontdoor: CardUid: 043EAE423F3E80 
1/9/2023, 12:51:06 PM Access Token 043EAE423F3E80 tried to enter 
1/9/2023, 12:51:06 PM Opening Door for user Johannes 
1/9/2023, 12:51:24 PM Device: 1865145e-c36f-43f8-bf4c-fc2babc52d5a: Heartbeat 
1/9/2023, 12:51:40 PM [object Object] 
1/9/2023, 12:51:40 PM Device: 1d6bab00-3421-43bc-b500-0cbf1cfe2bbe: Someone tried to enter the frontdoor: CardUid: 043EAE423F3E80 
1/9/2023, 12:51:40 PM Access Token 043EAE423F3E80 tried to enter 
1/9/2023, 12:51:41 PM Opening Door for user Johannes 
1/9/2023, 12:52:00 PM Device: 1d6bab00-3421-43bc-b500-0cbf1cfe2bbe: Heartbeat 
1/9/2023, 12:52:16 PM Device: 5b65f801-ea57-4cad-83cb-bdf4ae209b81: Someone tried to enter the frontdoor: CardUid: 043EAE423F3E80 
1/9/2023, 12:52:16 PM Access Token 043EAE423F3E80 tried to enter 
1/9/2023, 12:52:16 PM Opening Door for user Johannes 
1/9/2023, 12:52:36 PM Device: 5b65f801-ea57-4cad-83cb-bdf4ae209b81: Heartbeat 
1/9/2023, 12:53:01 PM Device: 5b65f801-ea57-4cad-83cb-bdf4ae209b81: Heartbeat 
1/9/2023, 12:53:26 PM Device: 5b65f801-ea57-4cad-83cb-bdf4ae209b81: Heartbeat 
1/9/2023, 12:53:51 PM Device: 5b65f801-ea57-4cad-83cb-bdf4ae209b81: Heartbeat 
1/9/2023, 12:54:19 PM Device: db5764ef-2c50-4a08-bd3f-03b9274b5177: Someone tried to enter the frontdoor: CardUid: 043EAE423F3E80 
1/9/2023, 12:54:19 PM Access Token 043EAE423F3E80 tried to enter 
1/9/2023, 12:54:19 PM Opening Door for user Johannes 
1/9/2023, 12:54:40 PM Device: db5764ef-2c50-4a08-bd3f-03b9274b5177: Heartbeat 
1/9/2023, 12:55:05 PM Device: db5764ef-2c50-4a08-bd3f-03b9274b5177: Heartbeat 
1/9/2023, 12:55:30 PM Device: db5764ef-2c50-4a08-bd3f-03b9274b5177: Heartbeat 
1/9/2023, 12:55:55 PM Device: db5764ef-2c50-4a08-bd3f-03b9274b5177: Heartbeat 
1/9/2023, 12:56:20 PM Device: db5764ef-2c50-4a08-bd3f-03b9274b5177: Heartbeat 
1/9/2023, 12:56:45 PM Device: db5764ef-2c50-4a08-bd3f-03b9274b5177: Heartbeat 
1/9/2023, 12:57:10 PM Device: db5764ef-2c50-4a08-bd3f-03b9274b5177: Heartbeat 
1/9/2023, 12:57:35 PM Device: db5764ef-2c50-4a08-bd3f-03b9274b5177: Heartbeat 
1/9/2023, 12:58:00 PM Device: db5764ef-2c50-4a08-bd3f-03b9274b5177: Heartbeat 
1/9/2023, 12:58:28 PM Device: 94d13293-8833-4a5b-a8fa-02c4c1be81b7: Heartbeat 
1/9/2023, 12:58:53 PM Device: 94d13293-8833-4a5b-a8fa-02c4c1be81b7: Heartbeat 
1/9/2023, 12:59:18 PM Device: 94d13293-8833-4a5b-a8fa-02c4c1be81b7: Heartbeat 
1/9/2023, 12:59:43 PM Device: 94d13293-8833-4a5b-a8fa-02c4c1be81b7: Heartbeat 
1/9/2023, 1:00:08 PM Device: 94d13293-8833-4a5b-a8fa-02c4c1be81b7: Heartbeat 
1/9/2023, 1:00:33 PM Device: 94d13293-8833-4a5b-a8fa-02c4c1be81b7: Heartbeat 
1/9/2023, 1:00:58 PM Device: 94d13293-8833-4a5b-a8fa-02c4c1be81b7: Heartbeat 
1/9/2023, 1:01:23 PM Device: 94d13293-8833-4a5b-a8fa-02c4c1be81b7: Heartbeat 
1/9/2023, 1:01:48 PM Device: 94d13293-8833-4a5b-a8fa-02c4c1be81b7: Heartbeat 
1/9/2023, 1:02:13 PM Device: 94d13293-8833-4a5b-a8fa-02c4c1be81b7: Heartbeat 
1/9/2023, 1:02:38 PM Device: 94d13293-8833-4a5b-a8fa-02c4c1be81b7: Heartbeat 
1/9/2023, 1:03:03 PM Device: 94d13293-8833-4a5b-a8fa-02c4c1be81b7: Heartbeat 
1/9/2023, 1:03:28 PM Device: 94d13293-8833-4a5b-a8fa-02c4c1be81b7: Heartbeat 
1/9/2023, 1:03:53 PM Device: 94d13293-8833-4a5b-a8fa-02c4c1be81b7: Heartbeat 
1/9/2023, 1:04:18 PM Device: 94d13293-8833-4a5b-a8fa-02c4c1be81b7: Heartbeat 
1/9/2023, 1:04:43 PM Device: 94d13293-8833-4a5b-a8fa-02c4c1be81b7: Heartbeat 
1/9/2023, 1:05:08 PM Device: 94d13293-8833-4a5b-a8fa-02c4c1be81b7: Heartbeat 
1/9/2023, 1:05:33 PM Device: 94d13293-8833-4a5b-a8fa-02c4c1be81b7: Heartbeat 
1/9/2023, 1:05:59 PM Device: 94d13293-8833-4a5b-a8fa-02c4c1be81b7: Heartbeat 
1/9/2023, 1:06:23 PM Device: 94d13293-8833-4a5b-a8fa-02c4c1be81b7: Heartbeat 
1/9/2023, 1:06:49 PM Device: 94d13293-8833-4a5b-a8fa-02c4c1be81b7: Heartbeat 
1/9/2023, 1:07:14 PM Device: 94d13293-8833-4a5b-a8fa-02c4c1be81b7: Heartbeat 
1/9/2023, 1:07:39 PM Device: 94d13293-8833-4a5b-a8fa-02c4c1be81b7: Heartbeat 
1/9/2023, 1:08:04 PM Device: 94d13293-8833-4a5b-a8fa-02c4c1be81b7: Heartbeat 
1/9/2023, 1:08:29 PM Device: 94d13293-8833-4a5b-a8fa-02c4c1be81b7: Heartbeat 
1/9/2023, 1:08:54 PM Device: 94d13293-8833-4a5b-a8fa-02c4c1be81b7: Heartbeat 
1/9/2023, 1:09:19 PM Device: 94d13293-8833-4a5b-a8fa-02c4c1be81b7: Heartbeat 
1/9/2023, 1:09:44 PM Device: 94d13293-8833-4a5b-a8fa-02c4c1be81b7: Heartbeat 
1/9/2023, 1:10:09 PM Device: 94d13293-8833-4a5b-a8fa-02c4c1be81b7: Heartbeat 
1/9/2023, 1:10:34 PM Device: 94d13293-8833-4a5b-a8fa-02c4c1be81b7: Heartbeat 
1/9/2023, 1:10:59 PM Device: 94d13293-8833-4a5b-a8fa-02c4c1be81b7: Heartbeat 
1/9/2023, 1:11:24 PM Device: 94d13293-8833-4a5b-a8fa-02c4c1be81b7: Heartbeat 
1/9/2023, 1:11:49 PM Device: 94d13293-8833-4a5b-a8fa-02c4c1be81b7: Heartbeat 
1/9/2023, 1:12:14 PM Device: 94d13293-8833-4a5b-a8fa-02c4c1be81b7: Heartbeat 
1/9/2023, 1:12:39 PM Device: 94d13293-8833-4a5b-a8fa-02c4c1be81b7: Heartbeat 
1/9/2023, 1:13:04 PM Device: 94d13293-8833-4a5b-a8fa-02c4c1be81b7: Heartbeat 
1/9/2023, 1:13:29 PM Device: 94d13293-8833-4a5b-a8fa-02c4c1be81b7: Heartbeat 
1/9/2023, 1:13:54 PM Device: 94d13293-8833-4a5b-a8fa-02c4c1be81b7: Heartbeat 
1/9/2023, 1:14:14 PM Device: 94d13293-8833-4a5b-a8fa-02c4c1be81b7: Someone tried to enter the frontdoor: CardUid: 043EAE423F3E80 
1/9/2023, 1:14:14 PM Access Token 043EAE423F3E80 tried to enter 
1/9/2023, 1:14:14 PM Opening Door for user Johannes 
1/9/2023, 1:14:19 PM Device: 94d13293-8833-4a5b-a8fa-02c4c1be81b7: Heartbeat 
1/9/2023, 1:14:44 PM Device: 94d13293-8833-4a5b-a8fa-02c4c1be81b7: Heartbeat 
1/9/2023, 1:15:09 PM Device: 94d13293-8833-4a5b-a8fa-02c4c1be81b7: Heartbeat 
1/9/2023, 1:15:34 PM Device: 94d13293-8833-4a5b-a8fa-02c4c1be81b7: Heartbeat 
1/9/2023, 1:15:59 PM Device: 94d13293-8833-4a5b-a8fa-02c4c1be81b7: Heartbeat 
1/9/2023, 1:16:24 PM Device: 94d13293-8833-4a5b-a8fa-02c4c1be81b7: Heartbeat 
1/9/2023, 1:16:49 PM Device: 94d13293-8833-4a5b-a8fa-02c4c1be81b7: Heartbeat 
1/9/2023, 1:17:14 PM Device: 94d13293-8833-4a5b-a8fa-02c4c1be81b7: Heartbeat 
1/9/2023, 1:17:39 PM Device: 94d13293-8833-4a5b-a8fa-02c4c1be81b7: Heartbeat 
1/9/2023, 1:18:04 PM Device: 94d13293-8833-4a5b-a8fa-02c4c1be81b7: Heartbeat 
1/9/2023, 1:18:29 PM Device: 94d13293-8833-4a5b-a8fa-02c4c1be81b7: Heartbeat 
1/9/2023, 1:18:54 PM Device: 94d13293-8833-4a5b-a8fa-02c4c1be81b7: Heartbeat 
1/9/2023, 1:19:19 PM Device: 94d13293-8833-4a5b-a8fa-02c4c1be81b7: Heartbeat 
1/9/2023, 1:19:44 PM Device: 94d13293-8833-4a5b-a8fa-02c4c1be81b7: Heartbeat 
1/9/2023, 1:20:09 PM Device: 94d13293-8833-4a5b-a8fa-02c4c1be81b7: Heartbeat 
1/9/2023, 1:20:34 PM Device: 94d13293-8833-4a5b-a8fa-02c4c1be81b7: Heartbeat 
1/9/2023, 1:20:59 PM Device: 94d13293-8833-4a5b-a8fa-02c4c1be81b7: Heartbeat 
1/9/2023, 1:21:24 PM Device: 94d13293-8833-4a5b-a8fa-02c4c1be81b7: Heartbeat 
1/9/2023, 1:21:49 PM Device: 94d13293-8833-4a5b-a8fa-02c4c1be81b7: Heartbeat 
1/9/2023, 1:22:14 PM Device: 94d13293-8833-4a5b-a8fa-02c4c1be81b7: Heartbeat 
1/9/2023, 1:22:39 PM Device: 94d13293-8833-4a5b-a8fa-02c4c1be81b7: Heartbeat 
1/9/2023, 1:23:04 PM Device: 94d13293-8833-4a5b-a8fa-02c4c1be81b7: Heartbeat 
1/9/2023, 1:23:29 PM Device: 94d13293-8833-4a5b-a8fa-02c4c1be81b7: Heartbeat 
1/9/2023, 1:23:54 PM Device: 94d13293-8833-4a5b-a8fa-02c4c1be81b7: Heartbeat 
1/9/2023, 1:24:19 PM Device: 94d13293-8833-4a5b-a8fa-02c4c1be81b7: Heartbeat 
1/9/2023, 1:24:44 PM Device: 94d13293-8833-4a5b-a8fa-02c4c1be81b7: Heartbeat 
1/9/2023, 1:25:09 PM Device: 94d13293-8833-4a5b-a8fa-02c4c1be81b7: Heartbeat 
1/9/2023, 1:25:34 PM Device: 94d13293-8833-4a5b-a8fa-02c4c1be81b7: Heartbeat 
1/9/2023, 1:25:59 PM Device: 94d13293-8833-4a5b-a8fa-02c4c1be81b7: Heartbeat 
1/9/2023, 1:26:24 PM Device: 94d13293-8833-4a5b-a8fa-02c4c1be81b7: Heartbeat 
1/9/2023, 1:26:49 PM Device: 94d13293-8833-4a5b-a8fa-02c4c1be81b7: Heartbeat 
1/9/2023, 1:27:15 PM Device: 94d13293-8833-4a5b-a8fa-02c4c1be81b7: Heartbeat 
1/9/2023, 1:27:40 PM Device: 94d13293-8833-4a5b-a8fa-02c4c1be81b7: Heartbeat 
1/9/2023, 1:28:05 PM Device: 94d13293-8833-4a5b-a8fa-02c4c1be81b7: Heartbeat 
1/9/2023, 1:28:30 PM Device: 94d13293-8833-4a5b-a8fa-02c4c1be81b7: Heartbeat 
1/9/2023, 1:28:55 PM Device: 94d13293-8833-4a5b-a8fa-02c4c1be81b7: Heartbeat 
1/9/2023, 1:29:20 PM Device: 94d13293-8833-4a5b-a8fa-02c4c1be81b7: Heartbeat 
1/9/2023, 1:29:45 PM Device: 94d13293-8833-4a5b-a8fa-02c4c1be81b7: Heartbeat 
1/9/2023, 1:30:10 PM Device: 94d13293-8833-4a5b-a8fa-02c4c1be81b7: Heartbeat 
1/9/2023, 1:30:35 PM Device: 94d13293-8833-4a5b-a8fa-02c4c1be81b7: Heartbeat 
1/9/2023, 1:31:00 PM Device: 94d13293-8833-4a5b-a8fa-02c4c1be81b7: Heartbeat 
1/9/2023, 1:31:25 PM Device: 94d13293-8833-4a5b-a8fa-02c4c1be81b7: Heartbeat 
1/9/2023, 1:31:50 PM Device: 94d13293-8833-4a5b-a8fa-02c4c1be81b7: Heartbeat 
1/9/2023, 1:32:15 PM Device: 94d13293-8833-4a5b-a8fa-02c4c1be81b7: Heartbeat 
1/9/2023, 1:32:40 PM Device: 94d13293-8833-4a5b-a8fa-02c4c1be81b7: Heartbeat 
1/9/2023, 1:33:05 PM Device: 94d13293-8833-4a5b-a8fa-02c4c1be81b7: Heartbeat 
1/9/2023, 1:33:30 PM Device: 94d13293-8833-4a5b-a8fa-02c4c1be81b7: Heartbeat 
1/9/2023, 1:33:55 PM Device: 94d13293-8833-4a5b-a8fa-02c4c1be81b7: Heartbeat 
1/9/2023, 1:34:20 PM Device: 94d13293-8833-4a5b-a8fa-02c4c1be81b7: Heartbeat 
1/9/2023, 1:34:45 PM Device: 94d13293-8833-4a5b-a8fa-02c4c1be81b7: Heartbeat 
1/9/2023, 1:35:10 PM Device: 94d13293-8833-4a5b-a8fa-02c4c1be81b7: Heartbeat 
1/9/2023, 1:35:35 PM Device: 94d13293-8833-4a5b-a8fa-02c4c1be81b7: Heartbeat 
1/9/2023, 1:36:00 PM Device: 94d13293-8833-4a5b-a8fa-02c4c1be81b7: Heartbeat 
1/9/2023, 1:36:25 PM Device: 94d13293-8833-4a5b-a8fa-02c4c1be81b7: Heartbeat 
1/9/2023, 1:36:50 PM Device: 94d13293-8833-4a5b-a8fa-02c4c1be81b7: Heartbeat 
1/9/2023, 1:37:15 PM Device: 94d13293-8833-4a5b-a8fa-02c4c1be81b7: Heartbeat 
1/9/2023, 1:37:40 PM Device: 94d13293-8833-4a5b-a8fa-02c4c1be81b7: Heartbeat 
1/9/2023, 1:38:05 PM Device: 94d13293-8833-4a5b-a8fa-02c4c1be81b7: Heartbeat 
1/9/2023, 1:38:30 PM Device: 94d13293-8833-4a5b-a8fa-02c4c1be81b7: Heartbeat 
1/9/2023, 1:38:55 PM Device: 94d13293-8833-4a5b-a8fa-02c4c1be81b7: Heartbeat 
1/9/2023, 1:39:20 PM Device: 94d13293-8833-4a5b-a8fa-02c4c1be81b7: Heartbeat 
1/9/2023, 1:39:45 PM Device: 94d13293-8833-4a5b-a8fa-02c4c1be81b7: Heartbeat 
1/9/2023, 1:40:10 PM Device: 94d13293-8833-4a5b-a8fa-02c4c1be81b7: Heartbeat 
1/9/2023, 1:40:35 PM Device: 94d13293-8833-4a5b-a8fa-02c4c1be81b7: Heartbeat 
1/9/2023, 1:41:00 PM Device: 94d13293-8833-4a5b-a8fa-02c4c1be81b7: Heartbeat 
1/9/2023, 1:41:25 PM Device: 94d13293-8833-4a5b-a8fa-02c4c1be81b7: Heartbeat 
1/9/2023, 1:41:50 PM Device: 94d13293-8833-4a5b-a8fa-02c4c1be81b7: Heartbeat 
1/9/2023, 1:42:15 PM Device: 94d13293-8833-4a5b-a8fa-02c4c1be81b7: Heartbeat 
1/9/2023, 1:42:40 PM Device: 94d13293-8833-4a5b-a8fa-02c4c1be81b7: Heartbeat 
1/9/2023, 1:43:05 PM Device: 94d13293-8833-4a5b-a8fa-02c4c1be81b7: Heartbeat 
1/9/2023, 1:43:30 PM Device: 94d13293-8833-4a5b-a8fa-02c4c1be81b7: Heartbeat 
1/9/2023, 1:43:55 PM Device: 94d13293-8833-4a5b-a8fa-02c4c1be81b7: Heartbeat 
1/9/2023, 1:44:20 PM Device: 94d13293-8833-4a5b-a8fa-02c4c1be81b7: Heartbeat 
1/9/2023, 1:44:45 PM Device: 94d13293-8833-4a5b-a8fa-02c4c1be81b7: Heartbeat 
1/9/2023, 1:45:11 PM Device: 94d13293-8833-4a5b-a8fa-02c4c1be81b7: Heartbeat 
1/9/2023, 1:45:36 PM Device: 94d13293-8833-4a5b-a8fa-02c4c1be81b7: Heartbeat 
1/9/2023, 1:46:01 PM Device: 94d13293-8833-4a5b-a8fa-02c4c1be81b7: Heartbeat 
1/9/2023, 1:46:26 PM Device: 94d13293-8833-4a5b-a8fa-02c4c1be81b7: Heartbeat 
1/9/2023, 1:46:51 PM Device: 94d13293-8833-4a5b-a8fa-02c4c1be81b7: Heartbeat 
1/9/2023, 1:47:16 PM Device: 94d13293-8833-4a5b-a8fa-02c4c1be81b7: Heartbeat 
1/9/2023, 1:47:41 PM Device: 94d13293-8833-4a5b-a8fa-02c4c1be81b7: Heartbeat 
1/9/2023, 1:48:06 PM Device: 94d13293-8833-4a5b-a8fa-02c4c1be81b7: Heartbeat 
1/9/2023, 1:48:31 PM Device: 94d13293-8833-4a5b-a8fa-02c4c1be81b7: Heartbeat 
1/9/2023, 1:48:56 PM Device: 94d13293-8833-4a5b-a8fa-02c4c1be81b7: Heartbeat 
1/9/2023, 1:49:21 PM Device: 94d13293-8833-4a5b-a8fa-02c4c1be81b7: Heartbeat 
1/9/2023, 1:49:46 PM Device: 94d13293-8833-4a5b-a8fa-02c4c1be81b7: Heartbeat 
1/9/2023, 1:50:11 PM Device: 94d13293-8833-4a5b-a8fa-02c4c1be81b7: Heartbeat 
